<?xml version="1.0" encoding="UTF-8"?>
<testsuite name="org.example.AppTest" tests="1" skipped="0" failures="0" errors="0" timestamp="2024-04-08T14:44:48" hostname="LAPTOP-TF67FPRN" time="0.024">
  <properties/>
  <testcase name="appHasAGreeting()" classname="org.example.AppTest" time="0.024"/>
  <system-out><![CDATA[]]></system-out>
  <system-err><![CDATA[]]></system-err>
</testsuite>
